Removed Pin From Net: NetName=GND Pin=C26-1
Removed Pin From Net: NetName=+5 Pin=C26-2
Removed Pin From Net: NetName=GND Pin=C27-1
Removed Pin From Net: NetName=+5 Pin=C27-2
Removed Pin From Net: NetName=GND Pin=C28-1
Removed Pin From Net: NetName=+5 Pin=C28-2
Removed Pin From Net: NetName=GND Pin=C29-1
Removed Pin From Net: NetName=+5 Pin=C29-2
Removed Pin From Net: NetName=GND Pin=C30-1
Removed Pin From Net: NetName=+5 Pin=C30-2
Removed Pin From Net: NetName=GND Pin=C31-1
Removed Pin From Net: NetName=+5 Pin=C31-2
Removed Pin From Net: NetName=GND Pin=C32-1
Removed Pin From Net: NetName=+5 Pin=C32-2
Removed Pin From Net: NetName=GND Pin=C33-1
Removed Pin From Net: NetName=+5 Pin=C33-2
Removed Pin From Net: NetName=GND Pin=C34-1
Removed Pin From Net: NetName=+5 Pin=C34-2
Removed Pin From Net: NetName=GND Pin=C35-1
Removed Pin From Net: NetName=+5 Pin=C35-2
Removed Pin From Net: NetName=GND Pin=C36-1
Removed Pin From Net: NetName=+5 Pin=C36-2
Removed Pin From Net: NetName=GND Pin=C37-1
Removed Pin From Net: NetName=+5 Pin=C37-2
Removed Pin From Net: NetName=GND Pin=C38-1
Removed Pin From Net: NetName=+5 Pin=C38-2
Removed Pin From Net: NetName=GND Pin=C39-1
Removed Pin From Net: NetName=+5 Pin=C39-2
Removed Pin From Net: NetName=GND Pin=C40-1
Removed Pin From Net: NetName=+5 Pin=C40-2
Removed Pin From Net: NetName=GND Pin=C41-1
Removed Pin From Net: NetName=+5 Pin=C41-2
Removed Pin From Net: NetName=GND Pin=C42-1
Removed Pin From Net: NetName=+5 Pin=C42-2
Removed Pin From Net: NetName=GND Pin=C43-1
Removed Pin From Net: NetName=+5 Pin=C43-2
Removed Pin From Net: NetName=GND Pin=C44-1
Removed Pin From Net: NetName=+5 Pin=C44-2
Removed Pin From Net: NetName=GND Pin=C45-1
Removed Pin From Net: NetName=+5 Pin=C45-2
Removed Pin From Net: NetName=GND Pin=C46-1
Removed Pin From Net: NetName=+5 Pin=C46-2
Removed Pin From Net: NetName=GND Pin=C47-1
Removed Pin From Net: NetName=+5 Pin=C47-2
Removed Pin From Net: NetName=GND Pin=C48-1
Removed Pin From Net: NetName=+5 Pin=C48-2
Removed Pin From Net: NetName=GND Pin=C49-1
Removed Pin From Net: NetName=+5 Pin=C49-2
Removed Pin From Net: NetName=GND Pin=C50-1
Removed Pin From Net: NetName=+5 Pin=C50-2
Removed Pin From Net: NetName=GND Pin=D26-1
Removed Pin From Net: NetName=OUT Pin=D26-2
Removed Pin From Net: NetName=+5 Pin=D26-3
Removed Pin From Net: NetName=GND Pin=D27-1
Removed Pin From Net: NetName=+5 Pin=D27-3
Removed Pin From Net: NetName=GND Pin=D28-1
Removed Pin From Net: NetName=+5 Pin=D28-3
Removed Pin From Net: NetName=GND Pin=D29-1
Removed Pin From Net: NetName=+5 Pin=D29-3
Removed Pin From Net: NetName=GND Pin=D30-1
Removed Pin From Net: NetName=+5 Pin=D30-3
Removed Pin From Net: NetName=GND Pin=D31-1
Removed Pin From Net: NetName=+5 Pin=D31-3
Removed Pin From Net: NetName=GND Pin=D32-1
Removed Pin From Net: NetName=+5 Pin=D32-3
Removed Pin From Net: NetName=GND Pin=D33-1
Removed Pin From Net: NetName=+5 Pin=D33-3
Removed Pin From Net: NetName=GND Pin=D34-1
Removed Pin From Net: NetName=+5 Pin=D34-3
Removed Pin From Net: NetName=GND Pin=D35-1
Removed Pin From Net: NetName=+5 Pin=D35-3
Removed Pin From Net: NetName=GND Pin=D36-1
Removed Pin From Net: NetName=+5 Pin=D36-3
Removed Pin From Net: NetName=GND Pin=D37-1
Removed Pin From Net: NetName=+5 Pin=D37-3
Removed Pin From Net: NetName=GND Pin=D38-1
Removed Pin From Net: NetName=+5 Pin=D38-3
Removed Pin From Net: NetName=GND Pin=D39-1
Removed Pin From Net: NetName=+5 Pin=D39-3
Removed Pin From Net: NetName=GND Pin=D40-1
Removed Pin From Net: NetName=+5 Pin=D40-3
Removed Pin From Net: NetName=GND Pin=D41-1
Removed Pin From Net: NetName=+5 Pin=D41-3
Removed Pin From Net: NetName=GND Pin=D42-1
Removed Pin From Net: NetName=+5 Pin=D42-3
Removed Pin From Net: NetName=GND Pin=D43-1
Removed Pin From Net: NetName=+5 Pin=D43-3
Removed Pin From Net: NetName=GND Pin=D44-1
Removed Pin From Net: NetName=+5 Pin=D44-3
Removed Pin From Net: NetName=GND Pin=D45-1
Removed Pin From Net: NetName=+5 Pin=D45-3
Removed Pin From Net: NetName=GND Pin=D46-1
Removed Pin From Net: NetName=+5 Pin=D46-3
Removed Pin From Net: NetName=GND Pin=D47-1
Removed Pin From Net: NetName=+5 Pin=D47-3
Removed Pin From Net: NetName=GND Pin=D48-1
Removed Pin From Net: NetName=+5 Pin=D48-3
Removed Pin From Net: NetName=GND Pin=D49-1
Removed Pin From Net: NetName=+5 Pin=D49-3
Removed Pin From Net: NetName=GND Pin=D50-1
Removed Pin From Net: NetName=+5 Pin=D50-3
Removed Pin From Net: NetName=IN Pin=D50-4
