Added Component: Designator=C1(C0603)
Add component. Clean all parameters for all variants
Added Component: Designator=C2(C0603)
Add component. Clean all parameters for all variants
Added Component: Designator=C3(C0603)
Add component. Clean all parameters for all variants
Added Component: Designator=C4(C0603)
Add component. Clean all parameters for all variants
Added Component: Designator=C5(C0603)
Add component. Clean all parameters for all variants
Added Component: Designator=C6(C0603)
Add component. Clean all parameters for all variants
Added Component: Designator=C7(C0603)
Add component. Clean all parameters for all variants
Added Component: Designator=C8(C0603)
Add component. Clean all parameters for all variants
Added Component: Designator=C9(C0603)
Add component. Clean all parameters for all variants
Added Component: Designator=C10(C0603)
Add component. Clean all parameters for all variants
Added Component: Designator=C11(C0603)
Add component. Clean all parameters for all variants
Added Component: Designator=C12(C0603)
Add component. Clean all parameters for all variants
Added Component: Designator=C13(C0603)
Add component. Clean all parameters for all variants
Added Component: Designator=C14(C0603)
Add component. Clean all parameters for all variants
Added Component: Designator=C15(C0603)
Add component. Clean all parameters for all variants
Added Component: Designator=C16(C0603)
Add component. Clean all parameters for all variants
Added Component: Designator=C17(C0603)
Add component. Clean all parameters for all variants
Added Component: Designator=C18(C0603)
Add component. Clean all parameters for all variants
Added Component: Designator=C19(C0603)
Add component. Clean all parameters for all variants
Added Component: Designator=C20(C0603)
Add component. Clean all parameters for all variants
Added Component: Designator=C21(C0603)
Add component. Clean all parameters for all variants
Added Component: Designator=C22(C0603)
Add component. Clean all parameters for all variants
Added Component: Designator=C23(C0603)
Add component. Clean all parameters for all variants
Added Component: Designator=C24(C0603)
Add component. Clean all parameters for all variants
Added Component: Designator=C25(C0603)
Add component. Clean all parameters for all variants
Added Component: Designator=D1(WS2812B-3535)
Add component. Clean all parameters for all variants
Add component (AddParameter): Name = "Availability"; Value = "Unavailable"; VariantName = "[No Variations]"
Add component (AddParameter): Name = "MF"; Value = "Adafruit Industries"; VariantName = "[No Variations]"
Add component (AddParameter): Name = "MP"; Value = "2659"; VariantName = "[No Variations]"
Add component (AddParameter): Name = "Package"; Value = "TQFP-32 Adafruit Industries"; VariantName = "[No Variations]"
Add component (AddParameter): Name = "Price"; Value = "None"; VariantName = "[No Variations]"
Add component (AddParameter): Name = "SnapEDA_Link"; Value = "https://www.snapeda.com/parts/2659/Adafruit%20Industries%20LLC/view-part/?ref=snap"; VariantName = "[No Variations]"
Add component (AddParameter): Name = "Value"; Value = ""; VariantName = "[No Variations]"
Added Component: Designator=D2(WS2812B-3535)
Add component. Clean all parameters for all variants
Add component (AddParameter): Name = "Availability"; Value = "Unavailable"; VariantName = "[No Variations]"
Add component (AddParameter): Name = "MF"; Value = "Adafruit Industries"; VariantName = "[No Variations]"
Add component (AddParameter): Name = "MP"; Value = "2659"; VariantName = "[No Variations]"
Add component (AddParameter): Name = "Package"; Value = "TQFP-32 Adafruit Industries"; VariantName = "[No Variations]"
Add component (AddParameter): Name = "Price"; Value = "None"; VariantName = "[No Variations]"
Add component (AddParameter): Name = "SnapEDA_Link"; Value = "https://www.snapeda.com/parts/2659/Adafruit%20Industries%20LLC/view-part/?ref=snap"; VariantName = "[No Variations]"
Add component (AddParameter): Name = "Value"; Value = ""; VariantName = "[No Variations]"
Added Component: Designator=D3(WS2812B-3535)
Add component. Clean all parameters for all variants
Add component (AddParameter): Name = "Availability"; Value = "Unavailable"; VariantName = "[No Variations]"
Add component (AddParameter): Name = "MF"; Value = "Adafruit Industries"; VariantName = "[No Variations]"
Add component (AddParameter): Name = "MP"; Value = "2659"; VariantName = "[No Variations]"
Add component (AddParameter): Name = "Package"; Value = "TQFP-32 Adafruit Industries"; VariantName = "[No Variations]"
Add component (AddParameter): Name = "Price"; Value = "None"; VariantName = "[No Variations]"
Add component (AddParameter): Name = "SnapEDA_Link"; Value = "https://www.snapeda.com/parts/2659/Adafruit%20Industries%20LLC/view-part/?ref=snap"; VariantName = "[No Variations]"
Add component (AddParameter): Name = "Value"; Value = ""; VariantName = "[No Variations]"
Added Component: Designator=D4(WS2812B-3535)
Add component. Clean all parameters for all variants
Add component (AddParameter): Name = "Availability"; Value = "Unavailable"; VariantName = "[No Variations]"
Add component (AddParameter): Name = "MF"; Value = "Adafruit Industries"; VariantName = "[No Variations]"
Add component (AddParameter): Name = "MP"; Value = "2659"; VariantName = "[No Variations]"
Add component (AddParameter): Name = "Package"; Value = "TQFP-32 Adafruit Industries"; VariantName = "[No Variations]"
Add component (AddParameter): Name = "Price"; Value = "None"; VariantName = "[No Variations]"
Add component (AddParameter): Name = "SnapEDA_Link"; Value = "https://www.snapeda.com/parts/2659/Adafruit%20Industries%20LLC/view-part/?ref=snap"; VariantName = "[No Variations]"
Add component (AddParameter): Name = "Value"; Value = ""; VariantName = "[No Variations]"
Added Component: Designator=D5(WS2812B-3535)
Add component. Clean all parameters for all variants
Add component (AddParameter): Name = "Availability"; Value = "Unavailable"; VariantName = "[No Variations]"
Add component (AddParameter): Name = "MF"; Value = "Adafruit Industries"; VariantName = "[No Variations]"
Add component (AddParameter): Name = "MP"; Value = "2659"; VariantName = "[No Variations]"
Add component (AddParameter): Name = "Package"; Value = "TQFP-32 Adafruit Industries"; VariantName = "[No Variations]"
Add component (AddParameter): Name = "Price"; Value = "None"; VariantName = "[No Variations]"
Add component (AddParameter): Name = "SnapEDA_Link"; Value = "https://www.snapeda.com/parts/2659/Adafruit%20Industries%20LLC/view-part/?ref=snap"; VariantName = "[No Variations]"
Add component (AddParameter): Name = "Value"; Value = ""; VariantName = "[No Variations]"
Added Component: Designator=D6(WS2812B-3535)
Add component. Clean all parameters for all variants
Add component (AddParameter): Name = "Availability"; Value = "Unavailable"; VariantName = "[No Variations]"
Add component (AddParameter): Name = "MF"; Value = "Adafruit Industries"; VariantName = "[No Variations]"
Add component (AddParameter): Name = "MP"; Value = "2659"; VariantName = "[No Variations]"
Add component (AddParameter): Name = "Package"; Value = "TQFP-32 Adafruit Industries"; VariantName = "[No Variations]"
Add component (AddParameter): Name = "Price"; Value = "None"; VariantName = "[No Variations]"
Add component (AddParameter): Name = "SnapEDA_Link"; Value = "https://www.snapeda.com/parts/2659/Adafruit%20Industries%20LLC/view-part/?ref=snap"; VariantName = "[No Variations]"
Add component (AddParameter): Name = "Value"; Value = ""; VariantName = "[No Variations]"
Added Component: Designator=D7(WS2812B-3535)
Add component. Clean all parameters for all variants
Add component (AddParameter): Name = "Availability"; Value = "Unavailable"; VariantName = "[No Variations]"
Add component (AddParameter): Name = "MF"; Value = "Adafruit Industries"; VariantName = "[No Variations]"
Add component (AddParameter): Name = "MP"; Value = "2659"; VariantName = "[No Variations]"
Add component (AddParameter): Name = "Package"; Value = "TQFP-32 Adafruit Industries"; VariantName = "[No Variations]"
Add component (AddParameter): Name = "Price"; Value = "None"; VariantName = "[No Variations]"
Add component (AddParameter): Name = "SnapEDA_Link"; Value = "https://www.snapeda.com/parts/2659/Adafruit%20Industries%20LLC/view-part/?ref=snap"; VariantName = "[No Variations]"
Add component (AddParameter): Name = "Value"; Value = ""; VariantName = "[No Variations]"
Added Component: Designator=D8(WS2812B-3535)
Add component. Clean all parameters for all variants
Add component (AddParameter): Name = "Availability"; Value = "Unavailable"; VariantName = "[No Variations]"
Add component (AddParameter): Name = "MF"; Value = "Adafruit Industries"; VariantName = "[No Variations]"
Add component (AddParameter): Name = "MP"; Value = "2659"; VariantName = "[No Variations]"
Add component (AddParameter): Name = "Package"; Value = "TQFP-32 Adafruit Industries"; VariantName = "[No Variations]"
Add component (AddParameter): Name = "Price"; Value = "None"; VariantName = "[No Variations]"
Add component (AddParameter): Name = "SnapEDA_Link"; Value = "https://www.snapeda.com/parts/2659/Adafruit%20Industries%20LLC/view-part/?ref=snap"; VariantName = "[No Variations]"
Add component (AddParameter): Name = "Value"; Value = ""; VariantName = "[No Variations]"
Added Component: Designator=D9(WS2812B-3535)
Add component. Clean all parameters for all variants
Add component (AddParameter): Name = "Availability"; Value = "Unavailable"; VariantName = "[No Variations]"
Add component (AddParameter): Name = "MF"; Value = "Adafruit Industries"; VariantName = "[No Variations]"
Add component (AddParameter): Name = "MP"; Value = "2659"; VariantName = "[No Variations]"
Add component (AddParameter): Name = "Package"; Value = "TQFP-32 Adafruit Industries"; VariantName = "[No Variations]"
Add component (AddParameter): Name = "Price"; Value = "None"; VariantName = "[No Variations]"
Add component (AddParameter): Name = "SnapEDA_Link"; Value = "https://www.snapeda.com/parts/2659/Adafruit%20Industries%20LLC/view-part/?ref=snap"; VariantName = "[No Variations]"
Add component (AddParameter): Name = "Value"; Value = ""; VariantName = "[No Variations]"
Added Component: Designator=D10(WS2812B-3535)
Add component. Clean all parameters for all variants
Add component (AddParameter): Name = "Availability"; Value = "Unavailable"; VariantName = "[No Variations]"
Add component (AddParameter): Name = "MF"; Value = "Adafruit Industries"; VariantName = "[No Variations]"
Add component (AddParameter): Name = "MP"; Value = "2659"; VariantName = "[No Variations]"
Add component (AddParameter): Name = "Package"; Value = "TQFP-32 Adafruit Industries"; VariantName = "[No Variations]"
Add component (AddParameter): Name = "Price"; Value = "None"; VariantName = "[No Variations]"
Add component (AddParameter): Name = "SnapEDA_Link"; Value = "https://www.snapeda.com/parts/2659/Adafruit%20Industries%20LLC/view-part/?ref=snap"; VariantName = "[No Variations]"
Add component (AddParameter): Name = "Value"; Value = ""; VariantName = "[No Variations]"
Added Component: Designator=D11(WS2812B-3535)
Add component. Clean all parameters for all variants
Add component (AddParameter): Name = "Availability"; Value = "Unavailable"; VariantName = "[No Variations]"
Add component (AddParameter): Name = "MF"; Value = "Adafruit Industries"; VariantName = "[No Variations]"
Add component (AddParameter): Name = "MP"; Value = "2659"; VariantName = "[No Variations]"
Add component (AddParameter): Name = "Package"; Value = "TQFP-32 Adafruit Industries"; VariantName = "[No Variations]"
Add component (AddParameter): Name = "Price"; Value = "None"; VariantName = "[No Variations]"
Add component (AddParameter): Name = "SnapEDA_Link"; Value = "https://www.snapeda.com/parts/2659/Adafruit%20Industries%20LLC/view-part/?ref=snap"; VariantName = "[No Variations]"
Add component (AddParameter): Name = "Value"; Value = ""; VariantName = "[No Variations]"
Added Component: Designator=D12(WS2812B-3535)
Add component. Clean all parameters for all variants
Add component (AddParameter): Name = "Availability"; Value = "Unavailable"; VariantName = "[No Variations]"
Add component (AddParameter): Name = "MF"; Value = "Adafruit Industries"; VariantName = "[No Variations]"
Add component (AddParameter): Name = "MP"; Value = "2659"; VariantName = "[No Variations]"
Add component (AddParameter): Name = "Package"; Value = "TQFP-32 Adafruit Industries"; VariantName = "[No Variations]"
Add component (AddParameter): Name = "Price"; Value = "None"; VariantName = "[No Variations]"
Add component (AddParameter): Name = "SnapEDA_Link"; Value = "https://www.snapeda.com/parts/2659/Adafruit%20Industries%20LLC/view-part/?ref=snap"; VariantName = "[No Variations]"
Add component (AddParameter): Name = "Value"; Value = ""; VariantName = "[No Variations]"
Added Component: Designator=D13(WS2812B-3535)
Add component. Clean all parameters for all variants
Add component (AddParameter): Name = "Availability"; Value = "Unavailable"; VariantName = "[No Variations]"
Add component (AddParameter): Name = "MF"; Value = "Adafruit Industries"; VariantName = "[No Variations]"
Add component (AddParameter): Name = "MP"; Value = "2659"; VariantName = "[No Variations]"
Add component (AddParameter): Name = "Package"; Value = "TQFP-32 Adafruit Industries"; VariantName = "[No Variations]"
Add component (AddParameter): Name = "Price"; Value = "None"; VariantName = "[No Variations]"
Add component (AddParameter): Name = "SnapEDA_Link"; Value = "https://www.snapeda.com/parts/2659/Adafruit%20Industries%20LLC/view-part/?ref=snap"; VariantName = "[No Variations]"
Add component (AddParameter): Name = "Value"; Value = ""; VariantName = "[No Variations]"
Added Component: Designator=D14(WS2812B-3535)
Add component. Clean all parameters for all variants
Add component (AddParameter): Name = "Availability"; Value = "Unavailable"; VariantName = "[No Variations]"
Add component (AddParameter): Name = "MF"; Value = "Adafruit Industries"; VariantName = "[No Variations]"
Add component (AddParameter): Name = "MP"; Value = "2659"; VariantName = "[No Variations]"
Add component (AddParameter): Name = "Package"; Value = "TQFP-32 Adafruit Industries"; VariantName = "[No Variations]"
Add component (AddParameter): Name = "Price"; Value = "None"; VariantName = "[No Variations]"
Add component (AddParameter): Name = "SnapEDA_Link"; Value = "https://www.snapeda.com/parts/2659/Adafruit%20Industries%20LLC/view-part/?ref=snap"; VariantName = "[No Variations]"
Add component (AddParameter): Name = "Value"; Value = ""; VariantName = "[No Variations]"
Added Component: Designator=D15(WS2812B-3535)
Add component. Clean all parameters for all variants
Add component (AddParameter): Name = "Availability"; Value = "Unavailable"; VariantName = "[No Variations]"
Add component (AddParameter): Name = "MF"; Value = "Adafruit Industries"; VariantName = "[No Variations]"
Add component (AddParameter): Name = "MP"; Value = "2659"; VariantName = "[No Variations]"
Add component (AddParameter): Name = "Package"; Value = "TQFP-32 Adafruit Industries"; VariantName = "[No Variations]"
Add component (AddParameter): Name = "Price"; Value = "None"; VariantName = "[No Variations]"
Add component (AddParameter): Name = "SnapEDA_Link"; Value = "https://www.snapeda.com/parts/2659/Adafruit%20Industries%20LLC/view-part/?ref=snap"; VariantName = "[No Variations]"
Add component (AddParameter): Name = "Value"; Value = ""; VariantName = "[No Variations]"
Added Component: Designator=D16(WS2812B-3535)
Add component. Clean all parameters for all variants
Add component (AddParameter): Name = "Availability"; Value = "Unavailable"; VariantName = "[No Variations]"
Add component (AddParameter): Name = "MF"; Value = "Adafruit Industries"; VariantName = "[No Variations]"
Add component (AddParameter): Name = "MP"; Value = "2659"; VariantName = "[No Variations]"
Add component (AddParameter): Name = "Package"; Value = "TQFP-32 Adafruit Industries"; VariantName = "[No Variations]"
Add component (AddParameter): Name = "Price"; Value = "None"; VariantName = "[No Variations]"
Add component (AddParameter): Name = "SnapEDA_Link"; Value = "https://www.snapeda.com/parts/2659/Adafruit%20Industries%20LLC/view-part/?ref=snap"; VariantName = "[No Variations]"
Add component (AddParameter): Name = "Value"; Value = ""; VariantName = "[No Variations]"
Added Component: Designator=D17(WS2812B-3535)
Add component. Clean all parameters for all variants
Add component (AddParameter): Name = "Availability"; Value = "Unavailable"; VariantName = "[No Variations]"
Add component (AddParameter): Name = "MF"; Value = "Adafruit Industries"; VariantName = "[No Variations]"
Add component (AddParameter): Name = "MP"; Value = "2659"; VariantName = "[No Variations]"
Add component (AddParameter): Name = "Package"; Value = "TQFP-32 Adafruit Industries"; VariantName = "[No Variations]"
Add component (AddParameter): Name = "Price"; Value = "None"; VariantName = "[No Variations]"
Add component (AddParameter): Name = "SnapEDA_Link"; Value = "https://www.snapeda.com/parts/2659/Adafruit%20Industries%20LLC/view-part/?ref=snap"; VariantName = "[No Variations]"
Add component (AddParameter): Name = "Value"; Value = ""; VariantName = "[No Variations]"
Added Component: Designator=D18(WS2812B-3535)
Add component. Clean all parameters for all variants
Add component (AddParameter): Name = "Availability"; Value = "Unavailable"; VariantName = "[No Variations]"
Add component (AddParameter): Name = "MF"; Value = "Adafruit Industries"; VariantName = "[No Variations]"
Add component (AddParameter): Name = "MP"; Value = "2659"; VariantName = "[No Variations]"
Add component (AddParameter): Name = "Package"; Value = "TQFP-32 Adafruit Industries"; VariantName = "[No Variations]"
Add component (AddParameter): Name = "Price"; Value = "None"; VariantName = "[No Variations]"
Add component (AddParameter): Name = "SnapEDA_Link"; Value = "https://www.snapeda.com/parts/2659/Adafruit%20Industries%20LLC/view-part/?ref=snap"; VariantName = "[No Variations]"
Add component (AddParameter): Name = "Value"; Value = ""; VariantName = "[No Variations]"
Added Component: Designator=D19(WS2812B-3535)
Add component. Clean all parameters for all variants
Add component (AddParameter): Name = "Availability"; Value = "Unavailable"; VariantName = "[No Variations]"
Add component (AddParameter): Name = "MF"; Value = "Adafruit Industries"; VariantName = "[No Variations]"
Add component (AddParameter): Name = "MP"; Value = "2659"; VariantName = "[No Variations]"
Add component (AddParameter): Name = "Package"; Value = "TQFP-32 Adafruit Industries"; VariantName = "[No Variations]"
Add component (AddParameter): Name = "Price"; Value = "None"; VariantName = "[No Variations]"
Add component (AddParameter): Name = "SnapEDA_Link"; Value = "https://www.snapeda.com/parts/2659/Adafruit%20Industries%20LLC/view-part/?ref=snap"; VariantName = "[No Variations]"
Add component (AddParameter): Name = "Value"; Value = ""; VariantName = "[No Variations]"
Added Component: Designator=D20(WS2812B-3535)
Add component. Clean all parameters for all variants
Add component (AddParameter): Name = "Availability"; Value = "Unavailable"; VariantName = "[No Variations]"
Add component (AddParameter): Name = "MF"; Value = "Adafruit Industries"; VariantName = "[No Variations]"
Add component (AddParameter): Name = "MP"; Value = "2659"; VariantName = "[No Variations]"
Add component (AddParameter): Name = "Package"; Value = "TQFP-32 Adafruit Industries"; VariantName = "[No Variations]"
Add component (AddParameter): Name = "Price"; Value = "None"; VariantName = "[No Variations]"
Add component (AddParameter): Name = "SnapEDA_Link"; Value = "https://www.snapeda.com/parts/2659/Adafruit%20Industries%20LLC/view-part/?ref=snap"; VariantName = "[No Variations]"
Add component (AddParameter): Name = "Value"; Value = ""; VariantName = "[No Variations]"
Added Component: Designator=D21(WS2812B-3535)
Add component. Clean all parameters for all variants
Add component (AddParameter): Name = "Availability"; Value = "Unavailable"; VariantName = "[No Variations]"
Add component (AddParameter): Name = "MF"; Value = "Adafruit Industries"; VariantName = "[No Variations]"
Add component (AddParameter): Name = "MP"; Value = "2659"; VariantName = "[No Variations]"
Add component (AddParameter): Name = "Package"; Value = "TQFP-32 Adafruit Industries"; VariantName = "[No Variations]"
Add component (AddParameter): Name = "Price"; Value = "None"; VariantName = "[No Variations]"
Add component (AddParameter): Name = "SnapEDA_Link"; Value = "https://www.snapeda.com/parts/2659/Adafruit%20Industries%20LLC/view-part/?ref=snap"; VariantName = "[No Variations]"
Add component (AddParameter): Name = "Value"; Value = ""; VariantName = "[No Variations]"
Added Component: Designator=D22(WS2812B-3535)
Add component. Clean all parameters for all variants
Add component (AddParameter): Name = "Availability"; Value = "Unavailable"; VariantName = "[No Variations]"
Add component (AddParameter): Name = "MF"; Value = "Adafruit Industries"; VariantName = "[No Variations]"
Add component (AddParameter): Name = "MP"; Value = "2659"; VariantName = "[No Variations]"
Add component (AddParameter): Name = "Package"; Value = "TQFP-32 Adafruit Industries"; VariantName = "[No Variations]"
Add component (AddParameter): Name = "Price"; Value = "None"; VariantName = "[No Variations]"
Add component (AddParameter): Name = "SnapEDA_Link"; Value = "https://www.snapeda.com/parts/2659/Adafruit%20Industries%20LLC/view-part/?ref=snap"; VariantName = "[No Variations]"
Add component (AddParameter): Name = "Value"; Value = ""; VariantName = "[No Variations]"
Added Component: Designator=D23(WS2812B-3535)
Add component. Clean all parameters for all variants
Add component (AddParameter): Name = "Availability"; Value = "Unavailable"; VariantName = "[No Variations]"
Add component (AddParameter): Name = "MF"; Value = "Adafruit Industries"; VariantName = "[No Variations]"
Add component (AddParameter): Name = "MP"; Value = "2659"; VariantName = "[No Variations]"
Add component (AddParameter): Name = "Package"; Value = "TQFP-32 Adafruit Industries"; VariantName = "[No Variations]"
Add component (AddParameter): Name = "Price"; Value = "None"; VariantName = "[No Variations]"
Add component (AddParameter): Name = "SnapEDA_Link"; Value = "https://www.snapeda.com/parts/2659/Adafruit%20Industries%20LLC/view-part/?ref=snap"; VariantName = "[No Variations]"
Add component (AddParameter): Name = "Value"; Value = ""; VariantName = "[No Variations]"
Added Component: Designator=D24(WS2812B-3535)
Add component. Clean all parameters for all variants
Add component (AddParameter): Name = "Availability"; Value = "Unavailable"; VariantName = "[No Variations]"
Add component (AddParameter): Name = "MF"; Value = "Adafruit Industries"; VariantName = "[No Variations]"
Add component (AddParameter): Name = "MP"; Value = "2659"; VariantName = "[No Variations]"
Add component (AddParameter): Name = "Package"; Value = "TQFP-32 Adafruit Industries"; VariantName = "[No Variations]"
Add component (AddParameter): Name = "Price"; Value = "None"; VariantName = "[No Variations]"
Add component (AddParameter): Name = "SnapEDA_Link"; Value = "https://www.snapeda.com/parts/2659/Adafruit%20Industries%20LLC/view-part/?ref=snap"; VariantName = "[No Variations]"
Add component (AddParameter): Name = "Value"; Value = ""; VariantName = "[No Variations]"
Added Component: Designator=D25(WS2812B-3535)
Add component. Clean all parameters for all variants
Add component (AddParameter): Name = "Availability"; Value = "Unavailable"; VariantName = "[No Variations]"
Add component (AddParameter): Name = "MF"; Value = "Adafruit Industries"; VariantName = "[No Variations]"
Add component (AddParameter): Name = "MP"; Value = "2659"; VariantName = "[No Variations]"
Add component (AddParameter): Name = "Package"; Value = "TQFP-32 Adafruit Industries"; VariantName = "[No Variations]"
Add component (AddParameter): Name = "Price"; Value = "None"; VariantName = "[No Variations]"
Add component (AddParameter): Name = "SnapEDA_Link"; Value = "https://www.snapeda.com/parts/2659/Adafruit%20Industries%20LLC/view-part/?ref=snap"; VariantName = "[No Variations]"
Add component (AddParameter): Name = "Value"; Value = ""; VariantName = "[No Variations]"
Added Pin To Net: NetName=+5 Pin=C1-2
Added Pin To Net: NetName=+5 Pin=C2-2
Added Pin To Net: NetName=+5 Pin=C3-2
Added Pin To Net: NetName=+5 Pin=C4-2
Added Pin To Net: NetName=+5 Pin=C5-2
Added Pin To Net: NetName=+5 Pin=C6-2
Added Pin To Net: NetName=+5 Pin=C7-2
Added Pin To Net: NetName=+5 Pin=C8-2
Added Pin To Net: NetName=+5 Pin=C9-2
Added Pin To Net: NetName=+5 Pin=C10-2
Added Pin To Net: NetName=+5 Pin=C11-2
Added Pin To Net: NetName=+5 Pin=C12-2
Added Pin To Net: NetName=+5 Pin=C13-2
Added Pin To Net: NetName=+5 Pin=C14-2
Added Pin To Net: NetName=+5 Pin=C15-2
Added Pin To Net: NetName=+5 Pin=C16-2
Added Pin To Net: NetName=+5 Pin=C17-2
Added Pin To Net: NetName=+5 Pin=C18-2
Added Pin To Net: NetName=+5 Pin=C19-2
Added Pin To Net: NetName=+5 Pin=C20-2
Added Pin To Net: NetName=+5 Pin=C21-2
Added Pin To Net: NetName=+5 Pin=C22-2
Added Pin To Net: NetName=+5 Pin=C23-2
Added Pin To Net: NetName=+5 Pin=C24-2
Added Pin To Net: NetName=+5 Pin=C25-2
Added Pin To Net: NetName=+5 Pin=D1-3
Added Pin To Net: NetName=+5 Pin=D2-3
Added Pin To Net: NetName=+5 Pin=D3-3
Added Pin To Net: NetName=+5 Pin=D4-3
Added Pin To Net: NetName=+5 Pin=D5-3
Added Pin To Net: NetName=+5 Pin=D6-3
Added Pin To Net: NetName=+5 Pin=D7-3
Added Pin To Net: NetName=+5 Pin=D8-3
Added Pin To Net: NetName=+5 Pin=D9-3
Added Pin To Net: NetName=+5 Pin=D10-3
Added Pin To Net: NetName=+5 Pin=D11-3
Added Pin To Net: NetName=+5 Pin=D12-3
Added Pin To Net: NetName=+5 Pin=D13-3
Added Pin To Net: NetName=+5 Pin=D14-3
Added Pin To Net: NetName=+5 Pin=D15-3
Added Pin To Net: NetName=+5 Pin=D16-3
Added Pin To Net: NetName=+5 Pin=D17-3
Added Pin To Net: NetName=+5 Pin=D18-3
Added Pin To Net: NetName=+5 Pin=D19-3
Added Pin To Net: NetName=+5 Pin=D20-3
Added Pin To Net: NetName=+5 Pin=D21-3
Added Pin To Net: NetName=+5 Pin=D22-3
Added Pin To Net: NetName=+5 Pin=D23-3
Added Pin To Net: NetName=+5 Pin=D24-3
Added Pin To Net: NetName=+5 Pin=D25-3
Added Net: Name=+5
Added Pin To Net: NetName=GND Pin=C1-1
Added Pin To Net: NetName=GND Pin=C2-1
Added Pin To Net: NetName=GND Pin=C3-1
Added Pin To Net: NetName=GND Pin=C4-1
Added Pin To Net: NetName=GND Pin=C5-1
Added Pin To Net: NetName=GND Pin=C6-1
Added Pin To Net: NetName=GND Pin=C7-1
Added Pin To Net: NetName=GND Pin=C8-1
Added Pin To Net: NetName=GND Pin=C9-1
Added Pin To Net: NetName=GND Pin=C10-1
Added Pin To Net: NetName=GND Pin=C11-1
Added Pin To Net: NetName=GND Pin=C12-1
Added Pin To Net: NetName=GND Pin=C13-1
Added Pin To Net: NetName=GND Pin=C14-1
Added Pin To Net: NetName=GND Pin=C15-1
Added Pin To Net: NetName=GND Pin=C16-1
Added Pin To Net: NetName=GND Pin=C17-1
Added Pin To Net: NetName=GND Pin=C18-1
Added Pin To Net: NetName=GND Pin=C19-1
Added Pin To Net: NetName=GND Pin=C20-1
Added Pin To Net: NetName=GND Pin=C21-1
Added Pin To Net: NetName=GND Pin=C22-1
Added Pin To Net: NetName=GND Pin=C23-1
Added Pin To Net: NetName=GND Pin=C24-1
Added Pin To Net: NetName=GND Pin=C25-1
Added Pin To Net: NetName=GND Pin=D1-1
Added Pin To Net: NetName=GND Pin=D2-1
Added Pin To Net: NetName=GND Pin=D3-1
Added Pin To Net: NetName=GND Pin=D4-1
Added Pin To Net: NetName=GND Pin=D5-1
Added Pin To Net: NetName=GND Pin=D6-1
Added Pin To Net: NetName=GND Pin=D7-1
Added Pin To Net: NetName=GND Pin=D8-1
Added Pin To Net: NetName=GND Pin=D9-1
Added Pin To Net: NetName=GND Pin=D10-1
Added Pin To Net: NetName=GND Pin=D11-1
Added Pin To Net: NetName=GND Pin=D12-1
Added Pin To Net: NetName=GND Pin=D13-1
Added Pin To Net: NetName=GND Pin=D14-1
Added Pin To Net: NetName=GND Pin=D15-1
Added Pin To Net: NetName=GND Pin=D16-1
Added Pin To Net: NetName=GND Pin=D17-1
Added Pin To Net: NetName=GND Pin=D18-1
Added Pin To Net: NetName=GND Pin=D19-1
Added Pin To Net: NetName=GND Pin=D20-1
Added Pin To Net: NetName=GND Pin=D21-1
Added Pin To Net: NetName=GND Pin=D22-1
Added Pin To Net: NetName=GND Pin=D23-1
Added Pin To Net: NetName=GND Pin=D24-1
Added Pin To Net: NetName=GND Pin=D25-1
Added Net: Name=GND
Added Pin To Net: NetName=IN Pin=D1-2
Added Net: Name=IN
Added Pin To Net: NetName=NetD1_4 Pin=D1-4
Added Pin To Net: NetName=NetD1_4 Pin=D2-2
Added Net: Name=NetD1_4
Added Pin To Net: NetName=NetD2_4 Pin=D2-4
Added Pin To Net: NetName=NetD2_4 Pin=D3-2
Added Net: Name=NetD2_4
Added Pin To Net: NetName=NetD3_4 Pin=D3-4
Added Pin To Net: NetName=NetD3_4 Pin=D4-2
Added Net: Name=NetD3_4
Added Pin To Net: NetName=NetD4_4 Pin=D4-4
Added Pin To Net: NetName=NetD4_4 Pin=D5-2
Added Net: Name=NetD4_4
Added Pin To Net: NetName=NetD5_4 Pin=D5-4
Added Pin To Net: NetName=NetD5_4 Pin=D6-2
Added Net: Name=NetD5_4
Added Pin To Net: NetName=NetD6_4 Pin=D6-4
Added Pin To Net: NetName=NetD6_4 Pin=D7-2
Added Net: Name=NetD6_4
Added Pin To Net: NetName=NetD7_4 Pin=D7-4
Added Pin To Net: NetName=NetD7_4 Pin=D8-2
Added Net: Name=NetD7_4
Added Pin To Net: NetName=NetD8_4 Pin=D8-4
Added Pin To Net: NetName=NetD8_4 Pin=D9-2
Added Net: Name=NetD8_4
Added Pin To Net: NetName=NetD9_4 Pin=D9-4
Added Pin To Net: NetName=NetD9_4 Pin=D10-2
Added Net: Name=NetD9_4
Added Pin To Net: NetName=NetD10_4 Pin=D10-4
Added Pin To Net: NetName=NetD10_4 Pin=D11-2
Added Net: Name=NetD10_4
Added Pin To Net: NetName=NetD11_4 Pin=D11-4
Added Pin To Net: NetName=NetD11_4 Pin=D12-2
Added Net: Name=NetD11_4
Added Pin To Net: NetName=NetD12_4 Pin=D12-4
Added Pin To Net: NetName=NetD12_4 Pin=D13-2
Added Net: Name=NetD12_4
Added Pin To Net: NetName=NetD13_4 Pin=D13-4
Added Pin To Net: NetName=NetD13_4 Pin=D14-2
Added Net: Name=NetD13_4
Added Pin To Net: NetName=NetD14_4 Pin=D14-4
Added Pin To Net: NetName=NetD14_4 Pin=D15-2
Added Net: Name=NetD14_4
Added Pin To Net: NetName=NetD15_4 Pin=D15-4
Added Pin To Net: NetName=NetD15_4 Pin=D16-2
Added Net: Name=NetD15_4
Added Pin To Net: NetName=NetD16_4 Pin=D16-4
Added Pin To Net: NetName=NetD16_4 Pin=D17-2
Added Net: Name=NetD16_4
Added Pin To Net: NetName=NetD17_4 Pin=D17-4
Added Pin To Net: NetName=NetD17_4 Pin=D18-2
Added Net: Name=NetD17_4
Added Pin To Net: NetName=NetD18_4 Pin=D18-4
Added Pin To Net: NetName=NetD18_4 Pin=D19-2
Added Net: Name=NetD18_4
Added Pin To Net: NetName=NetD19_4 Pin=D19-4
Added Pin To Net: NetName=NetD19_4 Pin=D20-2
Added Net: Name=NetD19_4
Added Pin To Net: NetName=NetD20_4 Pin=D20-4
Added Pin To Net: NetName=NetD20_4 Pin=D21-2
Added Net: Name=NetD20_4
Added Pin To Net: NetName=NetD21_4 Pin=D21-4
Added Pin To Net: NetName=NetD21_4 Pin=D22-2
Added Net: Name=NetD21_4
Added Pin To Net: NetName=NetD22_4 Pin=D22-4
Added Pin To Net: NetName=NetD22_4 Pin=D23-2
Added Net: Name=NetD22_4
Added Pin To Net: NetName=NetD23_4 Pin=D23-4
Added Pin To Net: NetName=NetD23_4 Pin=D24-2
Added Net: Name=NetD23_4
Added Pin To Net: NetName=NetD24_4 Pin=D24-4
Added Pin To Net: NetName=NetD24_4 Pin=D25-2
Added Net: Name=NetD24_4
Added Pin To Net: NetName=OUT Pin=D25-4
Added Net: Name=OUT
Added Class: Name=Layer
Added Room: Name=Layer
