Removed Pin From Net: NetName=GND Pin=C2-1
Removed Pin From Net: NetName=+5 Pin=C2-2
Removed Pin From Net: NetName=GND Pin=C3-1
Removed Pin From Net: NetName=+5 Pin=C3-2
Removed Pin From Net: NetName=GND Pin=C4-1
Removed Pin From Net: NetName=+5 Pin=C4-2
Removed Pin From Net: NetName=GND Pin=C5-1
Removed Pin From Net: NetName=+5 Pin=C5-2
Removed Pin From Net: NetName=GND Pin=C26-1
Removed Pin From Net: NetName=+5 Pin=C26-2
Removed Pin From Net: NetName=GND Pin=C27-1
Removed Pin From Net: NetName=+5 Pin=C27-2
Removed Pin From Net: NetName=GND Pin=C28-1
Removed Pin From Net: NetName=+5 Pin=C28-2
Removed Pin From Net: NetName=GND Pin=C29-1
Removed Pin From Net: NetName=+5 Pin=C29-2
Removed Pin From Net: NetName=GND Pin=C30-1
Removed Pin From Net: NetName=+5 Pin=C30-2
Removed Pin From Net: NetName=GND Pin=C31-1
Removed Pin From Net: NetName=+5 Pin=C31-2
Removed Pin From Net: NetName=GND Pin=C32-1
Removed Pin From Net: NetName=+5 Pin=C32-2
Removed Pin From Net: NetName=GND Pin=C33-1
Removed Pin From Net: NetName=+5 Pin=C33-2
Removed Pin From Net: NetName=GND Pin=C34-1
Removed Pin From Net: NetName=+5 Pin=C34-2
Removed Pin From Net: NetName=GND Pin=C35-1
Removed Pin From Net: NetName=+5 Pin=C35-2
Removed Pin From Net: NetName=GND Pin=C36-1
Removed Pin From Net: NetName=+5 Pin=C36-2
Removed Pin From Net: NetName=GND Pin=C37-1
Removed Pin From Net: NetName=+5 Pin=C37-2
Removed Pin From Net: NetName=GND Pin=C38-1
Removed Pin From Net: NetName=+5 Pin=C38-2
Removed Pin From Net: NetName=GND Pin=C39-1
Removed Pin From Net: NetName=+5 Pin=C39-2
Removed Pin From Net: NetName=GND Pin=C40-1
Removed Pin From Net: NetName=+5 Pin=C40-2
Removed Pin From Net: NetName=GND Pin=C41-1
Removed Pin From Net: NetName=+5 Pin=C41-2
Removed Pin From Net: NetName=GND Pin=C42-1
Removed Pin From Net: NetName=+5 Pin=C42-2
Removed Pin From Net: NetName=GND Pin=C43-1
Removed Pin From Net: NetName=+5 Pin=C43-2
Removed Pin From Net: NetName=GND Pin=C44-1
Removed Pin From Net: NetName=+5 Pin=C44-2
Removed Pin From Net: NetName=GND Pin=C45-1
Removed Pin From Net: NetName=+5 Pin=C45-2
Removed Pin From Net: NetName=GND Pin=C46-1
Removed Pin From Net: NetName=+5 Pin=C46-2
Removed Pin From Net: NetName=GND Pin=C47-1
Removed Pin From Net: NetName=+5 Pin=C47-2
Removed Pin From Net: NetName=GND Pin=C48-1
Removed Pin From Net: NetName=+5 Pin=C48-2
Removed Pin From Net: NetName=GND Pin=C49-1
Removed Pin From Net: NetName=+5 Pin=C49-2
Removed Pin From Net: NetName=GND Pin=C50-1
Removed Pin From Net: NetName=+5 Pin=C50-2
Removed Member From Class: ClassName=InvertedLayer Member=C26
Removed Member From Class: ClassName=InvertedLayer Member=C27
Removed Member From Class: ClassName=InvertedLayer Member=C28
Removed Member From Class: ClassName=InvertedLayer Member=C29
Removed Member From Class: ClassName=InvertedLayer Member=C30
Removed Member From Class: ClassName=InvertedLayer Member=C31
Removed Member From Class: ClassName=InvertedLayer Member=C32
Removed Member From Class: ClassName=InvertedLayer Member=C33
Removed Member From Class: ClassName=InvertedLayer Member=C34
Removed Member From Class: ClassName=InvertedLayer Member=C35
Removed Member From Class: ClassName=InvertedLayer Member=C36
Removed Member From Class: ClassName=InvertedLayer Member=C37
Removed Member From Class: ClassName=InvertedLayer Member=C38
Removed Member From Class: ClassName=InvertedLayer Member=C39
Removed Member From Class: ClassName=InvertedLayer Member=C40
Removed Member From Class: ClassName=InvertedLayer Member=C41
Removed Member From Class: ClassName=InvertedLayer Member=C42
Removed Member From Class: ClassName=InvertedLayer Member=C43
Removed Member From Class: ClassName=InvertedLayer Member=C44
Removed Member From Class: ClassName=InvertedLayer Member=C45
Removed Member From Class: ClassName=InvertedLayer Member=C46
Removed Member From Class: ClassName=InvertedLayer Member=C47
Removed Member From Class: ClassName=InvertedLayer Member=C48
Removed Member From Class: ClassName=InvertedLayer Member=C49
Removed Member From Class: ClassName=InvertedLayer Member=C50
Added Component: Designator=C?(C0603)
Add component. Clean all parameters for all variants
Added Component: Designator=C?(C0603)
Add component. Clean all parameters for all variants
Added Component: Designator=C?(C0603)
Add component. Clean all parameters for all variants
Added Component: Designator=C?(C0603)
Add component. Clean all parameters for all variants
Added Component: Designator=C?(C0603)
Add component. Clean all parameters for all variants
Added Component: Designator=C?(C0603)
Add component. Clean all parameters for all variants
Added Component: Designator=C?(C0603)
Add component. Clean all parameters for all variants
Added Component: Designator=C?(C0603)
Add component. Clean all parameters for all variants
Added Component: Designator=C?(C0603)
Add component. Clean all parameters for all variants
Added Component: Designator=C?(C0603)
Add component. Clean all parameters for all variants
Added Component: Designator=C?(C0603)
Add component. Clean all parameters for all variants
Added Component: Designator=C?(C0603)
Add component. Clean all parameters for all variants
Added Component: Designator=C?(C0603)
Add component. Clean all parameters for all variants
Added Component: Designator=C?(C0603)
Add component. Clean all parameters for all variants
Added Component: Designator=C?(C0603)
Add component. Clean all parameters for all variants
Added Component: Designator=C?(C0603)
Add component. Clean all parameters for all variants
Added Component: Designator=C?(C0603)
Add component. Clean all parameters for all variants
Added Component: Designator=C?(C0603)
Add component. Clean all parameters for all variants
Added Component: Designator=C?(C0603)
Add component. Clean all parameters for all variants
Added Component: Designator=C?(C0603)
Add component. Clean all parameters for all variants
Added Component: Designator=C?(C0603)
Add component. Clean all parameters for all variants
Added Component: Designator=C?(C0603)
Add component. Clean all parameters for all variants
Added Component: Designator=C?(C0603)
Add component. Clean all parameters for all variants
Added Component: Designator=C?(C0603)
Add component. Clean all parameters for all variants
Added Component: Designator=C?(C0603)
Add component. Clean all parameters for all variants
Added Pin To Net: NetName=+5 Pin=C2-1
Added Pin To Net: NetName=GND Pin=C2-2
Added Pin To Net: NetName=+5 Pin=C3-1
Added Pin To Net: NetName=GND Pin=C3-2
Added Pin To Net: NetName=+5 Pin=C4-1
Added Pin To Net: NetName=GND Pin=C4-2
Added Pin To Net: NetName=+5 Pin=C5-1
Added Pin To Net: NetName=GND Pin=C5-2
Added Pin To Net: NetName=GND Pin=C?-1
Added Pin To Net: NetName=GND Pin=C?-1
Added Pin To Net: NetName=GND Pin=C?-1
Added Pin To Net: NetName=GND Pin=C?-1
Added Pin To Net: NetName=GND Pin=C?-1
Added Pin To Net: NetName=GND Pin=C?-1
Added Pin To Net: NetName=GND Pin=C?-1
Added Pin To Net: NetName=GND Pin=C?-1
Added Pin To Net: NetName=GND Pin=C?-1
Added Pin To Net: NetName=GND Pin=C?-1
Added Pin To Net: NetName=GND Pin=C?-1
Added Pin To Net: NetName=GND Pin=C?-1
Added Pin To Net: NetName=GND Pin=C?-1
Added Pin To Net: NetName=GND Pin=C?-1
Added Pin To Net: NetName=GND Pin=C?-1
Added Pin To Net: NetName=GND Pin=C?-1
Added Pin To Net: NetName=GND Pin=C?-1
Added Pin To Net: NetName=GND Pin=C?-1
Added Pin To Net: NetName=GND Pin=C?-1
Added Pin To Net: NetName=GND Pin=C?-1
Added Pin To Net: NetName=GND Pin=C?-1
Added Pin To Net: NetName=GND Pin=C?-1
Added Pin To Net: NetName=GND Pin=C?-1
Added Pin To Net: NetName=GND Pin=C?-1
Added Pin To Net: NetName=GND Pin=C?-1
Added Pin To Net: NetName=+5 Pin=C?-2
Added Pin To Net: NetName=+5 Pin=C?-2
Added Pin To Net: NetName=+5 Pin=C?-2
Added Pin To Net: NetName=+5 Pin=C?-2
Added Pin To Net: NetName=+5 Pin=C?-2
Added Pin To Net: NetName=+5 Pin=C?-2
Added Pin To Net: NetName=+5 Pin=C?-2
Added Pin To Net: NetName=+5 Pin=C?-2
Added Pin To Net: NetName=+5 Pin=C?-2
Added Pin To Net: NetName=+5 Pin=C?-2
Added Pin To Net: NetName=+5 Pin=C?-2
Added Pin To Net: NetName=+5 Pin=C?-2
Added Pin To Net: NetName=+5 Pin=C?-2
Added Pin To Net: NetName=+5 Pin=C?-2
Added Pin To Net: NetName=+5 Pin=C?-2
Added Pin To Net: NetName=+5 Pin=C?-2
Added Pin To Net: NetName=+5 Pin=C?-2
Added Pin To Net: NetName=+5 Pin=C?-2
Added Pin To Net: NetName=+5 Pin=C?-2
Added Pin To Net: NetName=+5 Pin=C?-2
Added Pin To Net: NetName=+5 Pin=C?-2
Added Pin To Net: NetName=+5 Pin=C?-2
Added Pin To Net: NetName=+5 Pin=C?-2
Added Pin To Net: NetName=+5 Pin=C?-2
Added Pin To Net: NetName=+5 Pin=C?-2
Added Member To Class: ClassName=InvertedLayer Member=Component C? CAP
Added Member To Class: ClassName=InvertedLayer Member=Component C? CAP
Added Member To Class: ClassName=InvertedLayer Member=Component C? CAP
Added Member To Class: ClassName=InvertedLayer Member=Component C? CAP
Added Member To Class: ClassName=InvertedLayer Member=Component C? CAP
Added Member To Class: ClassName=InvertedLayer Member=Component C? CAP
Added Member To Class: ClassName=InvertedLayer Member=Component C? CAP
Added Member To Class: ClassName=InvertedLayer Member=Component C? CAP
Added Member To Class: ClassName=InvertedLayer Member=Component C? CAP
Added Member To Class: ClassName=InvertedLayer Member=Component C? CAP
Added Member To Class: ClassName=InvertedLayer Member=Component C? CAP
Added Member To Class: ClassName=InvertedLayer Member=Component C? CAP
Added Member To Class: ClassName=InvertedLayer Member=Component C? CAP
Added Member To Class: ClassName=InvertedLayer Member=Component C? CAP
Added Member To Class: ClassName=InvertedLayer Member=Component C? CAP
Added Member To Class: ClassName=InvertedLayer Member=Component C? CAP
Added Member To Class: ClassName=InvertedLayer Member=Component C? CAP
Added Member To Class: ClassName=InvertedLayer Member=Component C? CAP
Added Member To Class: ClassName=InvertedLayer Member=Component C? CAP
Added Member To Class: ClassName=InvertedLayer Member=Component C? CAP
Added Member To Class: ClassName=InvertedLayer Member=Component C? CAP
Added Member To Class: ClassName=InvertedLayer Member=Component C? CAP
Added Member To Class: ClassName=InvertedLayer Member=Component C? CAP
Added Member To Class: ClassName=InvertedLayer Member=Component C? CAP
Added Member To Class: ClassName=InvertedLayer Member=Component C? CAP
