Added Component: Designator=C1(C0603)
Add component. Clean all parameters for all variants
Added Component: Designator=C2(C0603)
Add component. Clean all parameters for all variants
Added Component: Designator=C3(C0603)
Add component. Clean all parameters for all variants
Added Component: Designator=C4(C0603)
Add component. Clean all parameters for all variants
Added Component: Designator=C5(C0603)
Add component. Clean all parameters for all variants
Added Component: Designator=C6(C0603)
Add component. Clean all parameters for all variants
Added Component: Designator=C7(C0603)
Add component. Clean all parameters for all variants
Added Component: Designator=C8(C0603)
Add component. Clean all parameters for all variants
Added Component: Designator=C9(C0603)
Add component. Clean all parameters for all variants
Added Component: Designator=C10(C0603)
Add component. Clean all parameters for all variants
Added Component: Designator=C11(C0603)
Add component. Clean all parameters for all variants
Added Component: Designator=C12(C0603)
Add component. Clean all parameters for all variants
Added Component: Designator=C13(C0603)
Add component. Clean all parameters for all variants
Added Component: Designator=C14(C0603)
Add component. Clean all parameters for all variants
Added Component: Designator=C15(C0603)
Add component. Clean all parameters for all variants
Added Component: Designator=C16(C0603)
Add component. Clean all parameters for all variants
Added Component: Designator=C17(C0603)
Add component. Clean all parameters for all variants
Added Component: Designator=C18(C0603)
Add component. Clean all parameters for all variants
Added Component: Designator=C19(C0603)
Add component. Clean all parameters for all variants
Added Component: Designator=C20(C0603)
Add component. Clean all parameters for all variants
Added Component: Designator=C21(C0603)
Add component. Clean all parameters for all variants
Added Component: Designator=C22(C0603)
Add component. Clean all parameters for all variants
Added Component: Designator=C23(C0603)
Add component. Clean all parameters for all variants
Added Component: Designator=C24(C0603)
Add component. Clean all parameters for all variants
Added Component: Designator=C25(C0603)
Add component. Clean all parameters for all variants
Added Component: Designator=C26(C0603)
Add component. Clean all parameters for all variants
Added Component: Designator=C27(C0603)
Add component. Clean all parameters for all variants
Added Component: Designator=C28(C0603)
Add component. Clean all parameters for all variants
Added Component: Designator=C29(C0603)
Add component. Clean all parameters for all variants
Added Component: Designator=C30(C0603)
Add component. Clean all parameters for all variants
Added Component: Designator=C31(C0603)
Add component. Clean all parameters for all variants
Added Component: Designator=C32(C0603)
Add component. Clean all parameters for all variants
Added Component: Designator=C33(C0603)
Add component. Clean all parameters for all variants
Added Component: Designator=C34(C0603)
Add component. Clean all parameters for all variants
Added Component: Designator=C35(C0603)
Add component. Clean all parameters for all variants
Added Component: Designator=C36(C0603)
Add component. Clean all parameters for all variants
Added Component: Designator=C37(C0603)
Add component. Clean all parameters for all variants
Added Component: Designator=C38(C0603)
Add component. Clean all parameters for all variants
Added Component: Designator=C39(C0603)
Add component. Clean all parameters for all variants
Added Component: Designator=C40(C0603)
Add component. Clean all parameters for all variants
Added Component: Designator=C41(C0603)
Add component. Clean all parameters for all variants
Added Component: Designator=C42(C0603)
Add component. Clean all parameters for all variants
Added Component: Designator=C43(C0603)
Add component. Clean all parameters for all variants
Added Component: Designator=C44(C0603)
Add component. Clean all parameters for all variants
Added Component: Designator=C45(C0603)
Add component. Clean all parameters for all variants
Added Component: Designator=C46(C0603)
Add component. Clean all parameters for all variants
Added Component: Designator=C47(C0603)
Add component. Clean all parameters for all variants
Added Component: Designator=C48(C0603)
Add component. Clean all parameters for all variants
Added Component: Designator=C49(C0603)
Add component. Clean all parameters for all variants
Added Component: Designator=C50(C0603)
Add component. Clean all parameters for all variants
Added Pin To Net: NetName=GND Pin=C1-1
Added Pin To Net: NetName=+5 Pin=C1-2
Added Pin To Net: NetName=+5 Pin=C2-1
Added Pin To Net: NetName=GND Pin=C2-2
Added Pin To Net: NetName=+5 Pin=C3-1
Added Pin To Net: NetName=GND Pin=C3-2
Added Pin To Net: NetName=+5 Pin=C4-1
Added Pin To Net: NetName=GND Pin=C4-2
Added Pin To Net: NetName=+5 Pin=C5-1
Added Pin To Net: NetName=GND Pin=C5-2
Added Pin To Net: NetName=GND Pin=C6-1
Added Pin To Net: NetName=+5 Pin=C6-2
Added Pin To Net: NetName=GND Pin=C7-1
Added Pin To Net: NetName=+5 Pin=C7-2
Added Pin To Net: NetName=GND Pin=C8-1
Added Pin To Net: NetName=+5 Pin=C8-2
Added Pin To Net: NetName=GND Pin=C9-1
Added Pin To Net: NetName=+5 Pin=C9-2
Added Pin To Net: NetName=GND Pin=C10-1
Added Pin To Net: NetName=+5 Pin=C10-2
Added Pin To Net: NetName=GND Pin=C11-1
Added Pin To Net: NetName=+5 Pin=C11-2
Added Pin To Net: NetName=GND Pin=C12-1
Added Pin To Net: NetName=+5 Pin=C12-2
Added Pin To Net: NetName=GND Pin=C13-1
Added Pin To Net: NetName=+5 Pin=C13-2
Added Pin To Net: NetName=GND Pin=C14-1
Added Pin To Net: NetName=+5 Pin=C14-2
Added Pin To Net: NetName=GND Pin=C15-1
Added Pin To Net: NetName=+5 Pin=C15-2
Added Pin To Net: NetName=GND Pin=C16-1
Added Pin To Net: NetName=+5 Pin=C16-2
Added Pin To Net: NetName=GND Pin=C17-1
Added Pin To Net: NetName=+5 Pin=C17-2
Added Pin To Net: NetName=GND Pin=C18-1
Added Pin To Net: NetName=+5 Pin=C18-2
Added Pin To Net: NetName=GND Pin=C19-1
Added Pin To Net: NetName=+5 Pin=C19-2
Added Pin To Net: NetName=GND Pin=C20-1
Added Pin To Net: NetName=+5 Pin=C20-2
Added Pin To Net: NetName=GND Pin=C21-1
Added Pin To Net: NetName=+5 Pin=C21-2
Added Pin To Net: NetName=GND Pin=C22-1
Added Pin To Net: NetName=+5 Pin=C22-2
Added Pin To Net: NetName=GND Pin=C23-1
Added Pin To Net: NetName=+5 Pin=C23-2
Added Pin To Net: NetName=GND Pin=C24-1
Added Pin To Net: NetName=+5 Pin=C24-2
Added Pin To Net: NetName=GND Pin=C25-1
Added Pin To Net: NetName=+5 Pin=C25-2
Added Pin To Net: NetName=GND Pin=C26-1
Added Pin To Net: NetName=+5 Pin=C26-2
Added Pin To Net: NetName=GND Pin=C27-1
Added Pin To Net: NetName=+5 Pin=C27-2
Added Pin To Net: NetName=GND Pin=C28-1
Added Pin To Net: NetName=+5 Pin=C28-2
Added Pin To Net: NetName=GND Pin=C29-1
Added Pin To Net: NetName=+5 Pin=C29-2
Added Pin To Net: NetName=GND Pin=C30-1
Added Pin To Net: NetName=+5 Pin=C30-2
Added Pin To Net: NetName=GND Pin=C31-1
Added Pin To Net: NetName=+5 Pin=C31-2
Added Pin To Net: NetName=GND Pin=C32-1
Added Pin To Net: NetName=+5 Pin=C32-2
Added Pin To Net: NetName=GND Pin=C33-1
Added Pin To Net: NetName=+5 Pin=C33-2
Added Pin To Net: NetName=GND Pin=C34-1
Added Pin To Net: NetName=+5 Pin=C34-2
Added Pin To Net: NetName=GND Pin=C35-1
Added Pin To Net: NetName=+5 Pin=C35-2
Added Pin To Net: NetName=GND Pin=C36-1
Added Pin To Net: NetName=+5 Pin=C36-2
Added Pin To Net: NetName=GND Pin=C37-1
Added Pin To Net: NetName=+5 Pin=C37-2
Added Pin To Net: NetName=GND Pin=C38-1
Added Pin To Net: NetName=+5 Pin=C38-2
Added Pin To Net: NetName=GND Pin=C39-1
Added Pin To Net: NetName=+5 Pin=C39-2
Added Pin To Net: NetName=GND Pin=C40-1
Added Pin To Net: NetName=+5 Pin=C40-2
Added Pin To Net: NetName=GND Pin=C41-1
Added Pin To Net: NetName=+5 Pin=C41-2
Added Pin To Net: NetName=GND Pin=C42-1
Added Pin To Net: NetName=+5 Pin=C42-2
Added Pin To Net: NetName=GND Pin=C43-1
Added Pin To Net: NetName=+5 Pin=C43-2
Added Pin To Net: NetName=GND Pin=C44-1
Added Pin To Net: NetName=+5 Pin=C44-2
Added Pin To Net: NetName=GND Pin=C45-1
Added Pin To Net: NetName=+5 Pin=C45-2
Added Pin To Net: NetName=GND Pin=C46-1
Added Pin To Net: NetName=+5 Pin=C46-2
Added Pin To Net: NetName=GND Pin=C47-1
Added Pin To Net: NetName=+5 Pin=C47-2
Added Pin To Net: NetName=GND Pin=C48-1
Added Pin To Net: NetName=+5 Pin=C48-2
Added Pin To Net: NetName=GND Pin=C49-1
Added Pin To Net: NetName=+5 Pin=C49-2
Added Pin To Net: NetName=GND Pin=C50-1
Added Pin To Net: NetName=+5 Pin=C50-2
Added Member To Class: ClassName=Layer Member=Component C1 CAP
Added Member To Class: ClassName=Layer Member=Component C2 CAP
Added Member To Class: ClassName=Layer Member=Component C3 CAP
Added Member To Class: ClassName=Layer Member=Component C4 CAP
Added Member To Class: ClassName=Layer Member=Component C5 CAP
Added Member To Class: ClassName=Layer Member=Component C6 CAP
Added Member To Class: ClassName=Layer Member=Component C7 CAP
Added Member To Class: ClassName=Layer Member=Component C8 CAP
Added Member To Class: ClassName=Layer Member=Component C9 CAP
Added Member To Class: ClassName=Layer Member=Component C10 CAP
Added Member To Class: ClassName=Layer Member=Component C11 CAP
Added Member To Class: ClassName=Layer Member=Component C12 CAP
Added Member To Class: ClassName=Layer Member=Component C13 CAP
Added Member To Class: ClassName=Layer Member=Component C14 CAP
Added Member To Class: ClassName=Layer Member=Component C15 CAP
Added Member To Class: ClassName=Layer Member=Component C16 CAP
Added Member To Class: ClassName=Layer Member=Component C17 CAP
Added Member To Class: ClassName=Layer Member=Component C18 CAP
Added Member To Class: ClassName=Layer Member=Component C19 CAP
Added Member To Class: ClassName=Layer Member=Component C20 CAP
Added Member To Class: ClassName=Layer Member=Component C21 CAP
Added Member To Class: ClassName=Layer Member=Component C22 CAP
Added Member To Class: ClassName=Layer Member=Component C23 CAP
Added Member To Class: ClassName=Layer Member=Component C24 CAP
Added Member To Class: ClassName=Layer Member=Component C25 CAP
Added Member To Class: ClassName=InvertedLayer Member=Component C26 CAP
Added Member To Class: ClassName=InvertedLayer Member=Component C27 CAP
Added Member To Class: ClassName=InvertedLayer Member=Component C28 CAP
Added Member To Class: ClassName=InvertedLayer Member=Component C29 CAP
Added Member To Class: ClassName=InvertedLayer Member=Component C30 CAP
Added Member To Class: ClassName=InvertedLayer Member=Component C31 CAP
Added Member To Class: ClassName=InvertedLayer Member=Component C32 CAP
Added Member To Class: ClassName=InvertedLayer Member=Component C33 CAP
Added Member To Class: ClassName=InvertedLayer Member=Component C34 CAP
Added Member To Class: ClassName=InvertedLayer Member=Component C35 CAP
Added Member To Class: ClassName=InvertedLayer Member=Component C36 CAP
Added Member To Class: ClassName=InvertedLayer Member=Component C37 CAP
Added Member To Class: ClassName=InvertedLayer Member=Component C38 CAP
Added Member To Class: ClassName=InvertedLayer Member=Component C39 CAP
Added Member To Class: ClassName=InvertedLayer Member=Component C40 CAP
Added Member To Class: ClassName=InvertedLayer Member=Component C41 CAP
Added Member To Class: ClassName=InvertedLayer Member=Component C42 CAP
Added Member To Class: ClassName=InvertedLayer Member=Component C43 CAP
Added Member To Class: ClassName=InvertedLayer Member=Component C44 CAP
Added Member To Class: ClassName=InvertedLayer Member=Component C45 CAP
Added Member To Class: ClassName=InvertedLayer Member=Component C46 CAP
Added Member To Class: ClassName=InvertedLayer Member=Component C47 CAP
Added Member To Class: ClassName=InvertedLayer Member=Component C48 CAP
Added Member To Class: ClassName=InvertedLayer Member=Component C49 CAP
Added Member To Class: ClassName=InvertedLayer Member=Component C50 CAP
