Removed Pin From Net: NetName=GND Pin=H1-0
Removed Pin From Net: NetName=GND Pin=H1-0
Removed Pin From Net: NetName=GND Pin=H1-0
Removed Pin From Net: NetName=GND Pin=H1-0
Removed Pin From Net: NetName=GND Pin=H1-0
Removed Pin From Net: NetName=GND Pin=H1-0
Removed Pin From Net: NetName=GND Pin=H1-0
Removed Pin From Net: NetName=GND Pin=H1-0
Removed Pin From Net: NetName=GND Pin=H1-0
Removed Pin From Net: NetName=OUT Pin=H2-0
Removed Pin From Net: NetName=OUT Pin=H2-0
Removed Pin From Net: NetName=OUT Pin=H2-0
Removed Pin From Net: NetName=OUT Pin=H2-0
Removed Pin From Net: NetName=OUT Pin=H2-0
Removed Pin From Net: NetName=OUT Pin=H2-0
Removed Pin From Net: NetName=OUT Pin=H2-0
Removed Pin From Net: NetName=OUT Pin=H2-0
Removed Pin From Net: NetName=OUT Pin=H2-0
Removed Pin From Net: NetName=IN Pin=H3-0
Removed Pin From Net: NetName=IN Pin=H3-0
Removed Pin From Net: NetName=IN Pin=H3-0
Removed Pin From Net: NetName=IN Pin=H3-0
Removed Pin From Net: NetName=IN Pin=H3-0
Removed Pin From Net: NetName=IN Pin=H3-0
Removed Pin From Net: NetName=IN Pin=H3-0
Removed Pin From Net: NetName=IN Pin=H3-0
Removed Pin From Net: NetName=IN Pin=H3-0
Removed Pin From Net: NetName=+5 Pin=H4-0
Removed Pin From Net: NetName=+5 Pin=H4-0
Removed Pin From Net: NetName=+5 Pin=H4-0
Removed Pin From Net: NetName=+5 Pin=H4-0
Removed Pin From Net: NetName=+5 Pin=H4-0
Removed Pin From Net: NetName=+5 Pin=H4-0
Removed Pin From Net: NetName=+5 Pin=H4-0
Removed Pin From Net: NetName=+5 Pin=H4-0
Removed Pin From Net: NetName=+5 Pin=H4-0
Added Pin To Net: NetName=IN Pin=H1-0
Added Pin To Net: NetName=IN Pin=H1-0
Added Pin To Net: NetName=IN Pin=H1-0
Added Pin To Net: NetName=IN Pin=H1-0
Added Pin To Net: NetName=IN Pin=H1-0
Added Pin To Net: NetName=IN Pin=H1-0
Added Pin To Net: NetName=IN Pin=H1-0
Added Pin To Net: NetName=IN Pin=H1-0
Added Pin To Net: NetName=IN Pin=H1-0
Added Pin To Net: NetName=GND Pin=H2-0
Added Pin To Net: NetName=GND Pin=H2-0
Added Pin To Net: NetName=GND Pin=H2-0
Added Pin To Net: NetName=GND Pin=H2-0
Added Pin To Net: NetName=GND Pin=H2-0
Added Pin To Net: NetName=GND Pin=H2-0
Added Pin To Net: NetName=GND Pin=H2-0
Added Pin To Net: NetName=GND Pin=H2-0
Added Pin To Net: NetName=GND Pin=H2-0
Added Pin To Net: NetName=+5 Pin=H3-0
Added Pin To Net: NetName=+5 Pin=H3-0
Added Pin To Net: NetName=+5 Pin=H3-0
Added Pin To Net: NetName=+5 Pin=H3-0
Added Pin To Net: NetName=+5 Pin=H3-0
Added Pin To Net: NetName=+5 Pin=H3-0
Added Pin To Net: NetName=+5 Pin=H3-0
Added Pin To Net: NetName=+5 Pin=H3-0
Added Pin To Net: NetName=+5 Pin=H3-0
Added Pin To Net: NetName=OUT Pin=H4-0
Added Pin To Net: NetName=OUT Pin=H4-0
Added Pin To Net: NetName=OUT Pin=H4-0
Added Pin To Net: NetName=OUT Pin=H4-0
Added Pin To Net: NetName=OUT Pin=H4-0
Added Pin To Net: NetName=OUT Pin=H4-0
Added Pin To Net: NetName=OUT Pin=H4-0
Added Pin To Net: NetName=OUT Pin=H4-0
Added Pin To Net: NetName=OUT Pin=H4-0
