Removed Pin From Net: NetName=IN Pin=H1-0
Removed Pin From Net: NetName=IN Pin=H1-0
Removed Pin From Net: NetName=IN Pin=H1-0
Removed Pin From Net: NetName=IN Pin=H1-0
Removed Pin From Net: NetName=IN Pin=H1-0
Removed Pin From Net: NetName=IN Pin=H1-0
Removed Pin From Net: NetName=IN Pin=H1-0
Removed Pin From Net: NetName=IN Pin=H1-0
Removed Pin From Net: NetName=IN Pin=H1-0
Removed Pin From Net: NetName=GND Pin=H2-0
Removed Pin From Net: NetName=GND Pin=H2-0
Removed Pin From Net: NetName=GND Pin=H2-0
Removed Pin From Net: NetName=GND Pin=H2-0
Removed Pin From Net: NetName=GND Pin=H2-0
Removed Pin From Net: NetName=GND Pin=H2-0
Removed Pin From Net: NetName=GND Pin=H2-0
Removed Pin From Net: NetName=GND Pin=H2-0
Removed Pin From Net: NetName=GND Pin=H2-0
Removed Pin From Net: NetName=+5 Pin=H3-0
Removed Pin From Net: NetName=+5 Pin=H3-0
Removed Pin From Net: NetName=+5 Pin=H3-0
Removed Pin From Net: NetName=+5 Pin=H3-0
Removed Pin From Net: NetName=+5 Pin=H3-0
Removed Pin From Net: NetName=+5 Pin=H3-0
Removed Pin From Net: NetName=+5 Pin=H3-0
Removed Pin From Net: NetName=+5 Pin=H3-0
Removed Pin From Net: NetName=+5 Pin=H3-0
Removed Pin From Net: NetName=OUT Pin=H4-0
Removed Pin From Net: NetName=OUT Pin=H4-0
Removed Pin From Net: NetName=OUT Pin=H4-0
Removed Pin From Net: NetName=OUT Pin=H4-0
Removed Pin From Net: NetName=OUT Pin=H4-0
Removed Pin From Net: NetName=OUT Pin=H4-0
Removed Pin From Net: NetName=OUT Pin=H4-0
Removed Pin From Net: NetName=OUT Pin=H4-0
Removed Pin From Net: NetName=OUT Pin=H4-0
Removed Member From Class: ClassName=Layer Member=H1
Removed Member From Class: ClassName=Layer Member=H2
Removed Member From Class: ClassName=Layer Member=H3
Removed Member From Class: ClassName=Layer Member=H4
Added Component: Designator=C48(C0805)
Add component. Clean all parameters for all variants
Added Pin To Net: NetName=GND Pin=C48-1
Added Pin To Net: NetName=+5 Pin=C48-2
Added Member To Class: ClassName=InvertedLayer Member=Component C48 CAP
