Added Pin To Net: NetName=OUT Pin=D26-2
Added Pin To Net: NetName=IN Pin=D50-4
Added Pin To Net: NetName=NetD26_4 Pin=D26-4
Added Pin To Net: NetName=NetD26_4 Pin=D27-2
Added Net: Name=NetD26_4
Added Pin To Net: NetName=NetD27_4 Pin=D27-4
Added Pin To Net: NetName=NetD27_4 Pin=D28-2
Added Net: Name=NetD27_4
Added Pin To Net: NetName=NetD28_4 Pin=D28-4
Added Pin To Net: NetName=NetD28_4 Pin=D29-2
Added Net: Name=NetD28_4
Added Pin To Net: NetName=NetD29_4 Pin=D29-4
Added Pin To Net: NetName=NetD29_4 Pin=D30-2
Added Net: Name=NetD29_4
Added Pin To Net: NetName=NetD30_4 Pin=D30-4
Added Pin To Net: NetName=NetD30_4 Pin=D31-2
Added Net: Name=NetD30_4
Added Pin To Net: NetName=NetD31_4 Pin=D31-4
Added Pin To Net: NetName=NetD31_4 Pin=D32-2
Added Net: Name=NetD31_4
Added Pin To Net: NetName=NetD32_4 Pin=D32-4
Added Pin To Net: NetName=NetD32_4 Pin=D33-2
Added Net: Name=NetD32_4
Added Pin To Net: NetName=NetD33_4 Pin=D33-4
Added Pin To Net: NetName=NetD33_4 Pin=D34-2
Added Net: Name=NetD33_4
Added Pin To Net: NetName=NetD34_4 Pin=D34-4
Added Pin To Net: NetName=NetD34_4 Pin=D35-2
Added Net: Name=NetD34_4
Added Pin To Net: NetName=NetD35_4 Pin=D35-4
Added Pin To Net: NetName=NetD35_4 Pin=D36-2
Added Net: Name=NetD35_4
Added Pin To Net: NetName=NetD36_4 Pin=D36-4
Added Pin To Net: NetName=NetD36_4 Pin=D37-2
Added Net: Name=NetD36_4
Added Pin To Net: NetName=NetD37_4 Pin=D37-4
Added Pin To Net: NetName=NetD37_4 Pin=D38-2
Added Net: Name=NetD37_4
Added Pin To Net: NetName=NetD38_4 Pin=D38-4
Added Pin To Net: NetName=NetD38_4 Pin=D39-2
Added Net: Name=NetD38_4
Added Pin To Net: NetName=NetD39_4 Pin=D39-4
Added Pin To Net: NetName=NetD39_4 Pin=D40-2
Added Net: Name=NetD39_4
Added Pin To Net: NetName=NetD40_4 Pin=D40-4
Added Pin To Net: NetName=NetD40_4 Pin=D41-2
Added Net: Name=NetD40_4
Added Pin To Net: NetName=NetD41_4 Pin=D41-4
Added Pin To Net: NetName=NetD41_4 Pin=D42-2
Added Net: Name=NetD41_4
Added Pin To Net: NetName=NetD42_4 Pin=D42-4
Added Pin To Net: NetName=NetD42_4 Pin=D43-2
Added Net: Name=NetD42_4
Added Pin To Net: NetName=NetD43_4 Pin=D43-4
Added Pin To Net: NetName=NetD43_4 Pin=D44-2
Added Net: Name=NetD43_4
Added Pin To Net: NetName=NetD44_4 Pin=D44-4
Added Pin To Net: NetName=NetD44_4 Pin=D45-2
Added Net: Name=NetD44_4
Added Pin To Net: NetName=NetD45_4 Pin=D45-4
Added Pin To Net: NetName=NetD45_4 Pin=D46-2
Added Net: Name=NetD45_4
Added Pin To Net: NetName=NetD46_4 Pin=D46-4
Added Pin To Net: NetName=NetD46_4 Pin=D47-2
Added Net: Name=NetD46_4
Added Pin To Net: NetName=NetD47_4 Pin=D47-4
Added Pin To Net: NetName=NetD47_4 Pin=D48-2
Added Net: Name=NetD47_4
Added Pin To Net: NetName=NetD48_4 Pin=D48-4
Added Pin To Net: NetName=NetD48_4 Pin=D49-2
Added Net: Name=NetD48_4
Added Pin To Net: NetName=NetD49_4 Pin=D49-4
Added Pin To Net: NetName=NetD49_4 Pin=D50-2
Added Net: Name=NetD49_4
Added Room: Name=InvertedLayer
Added Room: Name=Layer
